android/app/build/intermediates/manifest_merge_blame_file/release/manifest-merger-blame-release-report.txt
1<?xml version="1.0" encoding="utf-8"?>
2<manifest xmlns:android="http://schemas.android.com/apk/res/android"
3    package="com.hungybingy"
4    android:versionCode="5"
5    android:versionName="1.4" >
6
7    <uses-sdk
8        android:minSdkVersion="21"
8-->src/main/AndroidManifest.xml
9        android:targetSdkVersion="33" />
9-->src/main/AndroidManifest.xml
10
11    <uses-permission android:name="android.permission.INTERNET" />
11-->src/main/AndroidManifest.xml:3:5-67
11-->src/main/AndroidManifest.xml:3:22-64
12    <uses-permission android:name="android.permission.ACCESS_COARSE_LOCATION" />
12-->src/main/AndroidManifest.xml:4:5-81
12-->src/main/AndroidManifest.xml:4:22-78
13    <uses-permission android:name="android.permission.ACCESS_FINE_LOCATION" />
13-->src/main/AndroidManifest.xml:5:1-75
13-->src/main/AndroidManifest.xml:5:18-72
14    <uses-permission android:name="android.permission.CAMERA" />
14-->src/main/AndroidManifest.xml:6:1-60
14-->src/main/AndroidManifest.xml:6:18-58
15
16    <queries>
16-->[com.razorpay:checkout:1.6.32] AndroidManifest.xml:10:5-39:15
17        <intent>
17-->[com.razorpay:checkout:1.6.32] AndroidManifest.xml:11:9-17:18
18            <action android:name="android.intent.action.VIEW" />
18-->[com.razorpay:checkout:1.6.32] AndroidManifest.xml:12:13-65
18-->[com.razorpay:checkout:1.6.32] AndroidManifest.xml:12:21-62
19
20            <data
20-->[com.razorpay:checkout:1.6.32] AndroidManifest.xml:14:13-16:38
21                android:mimeType="*/*"
21-->[com.razorpay:checkout:1.6.32] AndroidManifest.xml:15:17-39
22                android:scheme="*" />
22-->[com.razorpay:checkout:1.6.32] AndroidManifest.xml:16:17-35
23        </intent>
24        <intent>
24-->[com.razorpay:checkout:1.6.32] AndroidManifest.xml:18:9-27:18
25            <action android:name="android.intent.action.VIEW" />
25-->[com.razorpay:checkout:1.6.32] AndroidManifest.xml:12:13-65
25-->[com.razorpay:checkout:1.6.32] AndroidManifest.xml:12:21-62
26
27            <category android:name="android.intent.category.BROWSABLE" />
27-->[com.razorpay:checkout:1.6.32] AndroidManifest.xml:21:13-74
27-->[com.razorpay:checkout:1.6.32] AndroidManifest.xml:21:23-71
28
29            <data
29-->[com.razorpay:checkout:1.6.32] AndroidManifest.xml:14:13-16:38
30                android:host="pay"
31                android:mimeType="*/*"
31-->[com.razorpay:checkout:1.6.32] AndroidManifest.xml:15:17-39
32                android:scheme="upi" />
32-->[com.razorpay:checkout:1.6.32] AndroidManifest.xml:16:17-35
33        </intent>
34        <intent>
34-->[com.razorpay:checkout:1.6.32] AndroidManifest.xml:28:9-30:18
35            <action android:name="android.intent.action.MAIN" />
35-->src/main/AndroidManifest.xml:27:13-65
35-->src/main/AndroidManifest.xml:27:21-62
36        </intent>
37        <intent>
37-->[com.razorpay:checkout:1.6.32] AndroidManifest.xml:31:9-35:18
38            <action android:name="android.intent.action.SEND" />
38-->[com.razorpay:checkout:1.6.32] AndroidManifest.xml:32:13-65
38-->[com.razorpay:checkout:1.6.32] AndroidManifest.xml:32:21-62
39
40            <data android:mimeType="*/*" />
40-->[com.razorpay:checkout:1.6.32] AndroidManifest.xml:14:13-16:38
40-->[com.razorpay:checkout:1.6.32] AndroidManifest.xml:15:17-39
41        </intent>
42        <intent>
42-->[com.razorpay:checkout:1.6.32] AndroidManifest.xml:36:9-38:18
43            <action android:name="rzp.device_token.share" />
43-->[com.razorpay:checkout:1.6.32] AndroidManifest.xml:37:13-61
43-->[com.razorpay:checkout:1.6.32] AndroidManifest.xml:37:21-58
44        </intent>
45        <!-- Needs to be explicitly declared on Android R+ -->
46        <package android:name="com.google.android.apps.maps" />
46-->[com.google.android.gms:play-services-maps:18.0.2] AndroidManifest.xml:33:9-64
46-->[com.google.android.gms:play-services-maps:18.0.2] AndroidManifest.xml:33:18-61
47    </queries> <!-- Include required permissions for Google Maps API to run. -->
48    <uses-permission android:name="android.permission.ACCESS_NETWORK_STATE" />
48-->[com.google.android.gms:play-services-maps:18.0.2] AndroidManifest.xml:23:5-79
48-->[com.google.android.gms:play-services-maps:18.0.2] AndroidManifest.xml:23:22-76
49
50    <uses-feature
50-->[com.google.android.gms:play-services-maps:18.0.2] AndroidManifest.xml:26:5-28:35
51        android:glEsVersion="0x00020000"
51-->[com.google.android.gms:play-services-maps:18.0.2] AndroidManifest.xml:27:9-41
52        android:required="true" />
52-->[com.google.android.gms:play-services-maps:18.0.2] AndroidManifest.xml:28:9-32
53
54    <uses-permission android:name="android.permission.WAKE_LOCK" />
54-->[androidx.work:work-runtime:2.7.1] AndroidManifest.xml:25:5-68
54-->[androidx.work:work-runtime:2.7.1] AndroidManifest.xml:25:22-65
55    <uses-permission android:name="android.permission.RECEIVE_BOOT_COMPLETED" />
55-->[androidx.work:work-runtime:2.7.1] AndroidManifest.xml:27:5-81
55-->[androidx.work:work-runtime:2.7.1] AndroidManifest.xml:27:22-78
56    <uses-permission android:name="android.permission.FOREGROUND_SERVICE" />
56-->[androidx.work:work-runtime:2.7.1] AndroidManifest.xml:28:5-77
56-->[androidx.work:work-runtime:2.7.1] AndroidManifest.xml:28:22-74
57
58    <application
58-->src/main/AndroidManifest.xml:10:5-35:19
59        android:name="com.hungybingy.MainApplication"
59-->src/main/AndroidManifest.xml:11:7-38
60        android:allowBackup="false"
60-->src/main/AndroidManifest.xml:15:7-34
61        android:appComponentFactory="androidx.core.app.CoreComponentFactory"
61-->[androidx.core:core:1.7.0] AndroidManifest.xml:24:18-86
62        android:icon="@mipmap/ic_launcher"
62-->src/main/AndroidManifest.xml:13:7-41
63        android:label="@string/app_name"
63-->src/main/AndroidManifest.xml:12:7-39
64        android:roundIcon="@mipmap/ic_launcher_round"
64-->src/main/AndroidManifest.xml:14:7-52
65        android:theme="@style/AppTheme"
65-->src/main/AndroidManifest.xml:16:7-38
66        android:usesCleartextTraffic="true" >
66-->src/main/AndroidManifest.xml:17:7-42
67        <activity
67-->src/main/AndroidManifest.xml:18:7-30:18
68            android:name="com.hungybingy.MainActivity"
68-->src/main/AndroidManifest.xml:19:9-37
69            android:configChanges="keyboard|keyboardHidden|orientation|screenLayout|screenSize|smallestScreenSize|uiMode"
69-->src/main/AndroidManifest.xml:21:9-118
70            android:exported="true"
70-->src/main/AndroidManifest.xml:24:9-32
71            android:label="@string/app_name"
71-->src/main/AndroidManifest.xml:20:9-41
72            android:launchMode="singleTask"
72-->src/main/AndroidManifest.xml:22:9-40
73            android:screenOrientation="portrait"
73-->src/main/AndroidManifest.xml:25:9-45
74            android:windowSoftInputMode="adjustPan" >
74-->src/main/AndroidManifest.xml:23:9-48
75            <intent-filter>
75-->src/main/AndroidManifest.xml:26:9-29:25
76                <action android:name="android.intent.action.MAIN" />
76-->src/main/AndroidManifest.xml:27:13-65
76-->src/main/AndroidManifest.xml:27:21-62
77
78                <category android:name="android.intent.category.LAUNCHER" />
78-->src/main/AndroidManifest.xml:28:13-73
78-->src/main/AndroidManifest.xml:28:23-70
79            </intent-filter>
80        </activity>
81
82        <meta-data
82-->src/main/AndroidManifest.xml:32:9-34:63
83            android:name="com.google.android.geo.API_KEY"
83-->src/main/AndroidManifest.xml:33:6-51
84            android:value="AIzaSyDlRbDrP5YrIgVTslPYQyho5wDO_nksibw" />
84-->src/main/AndroidManifest.xml:34:6-61
85
86        <provider
86-->[:react-native-image-picker] AndroidManifest.xml:8:9-16:20
87            android:name="com.imagepicker.ImagePickerProvider"
87-->[:react-native-image-picker] AndroidManifest.xml:9:13-63
88            android:authorities="com.hungybingy.imagepickerprovider"
88-->[:react-native-image-picker] AndroidManifest.xml:10:13-71
89            android:exported="false"
89-->[:react-native-image-picker] AndroidManifest.xml:11:13-37
90            android:grantUriPermissions="true" >
90-->[:react-native-image-picker] AndroidManifest.xml:12:13-47
91            <meta-data
91-->[:react-native-image-picker] AndroidManifest.xml:13:13-15:70
92                android:name="android.support.FILE_PROVIDER_PATHS"
92-->[:react-native-image-picker] AndroidManifest.xml:14:17-67
93                android:resource="@xml/imagepicker_provider_paths" />
93-->[:react-native-image-picker] AndroidManifest.xml:15:17-67
94        </provider>
95
96        <activity
96-->[:react-native-razorpay] AndroidManifest.xml:8:9-10:86
97            android:name="com.razorpay.CheckoutActivity"
97-->[:react-native-razorpay] AndroidManifest.xml:9:13-57
98            android:configChanges="keyboard|keyboardHidden|orientation|screenSize"
98-->[:react-native-razorpay] AndroidManifest.xml:10:13-83
99            android:exported="true"
99-->[com.razorpay:checkout:1.6.32] AndroidManifest.xml:54:13-36
100            android:theme="@style/CheckoutTheme" >
100-->[com.razorpay:checkout:1.6.32] AndroidManifest.xml:55:13-49
101            <intent-filter>
101-->[com.razorpay:checkout:1.6.32] AndroidManifest.xml:56:13-58:29
102                <action android:name="android.intent.action.MAIN" />
102-->src/main/AndroidManifest.xml:27:13-65
102-->src/main/AndroidManifest.xml:27:21-62
103            </intent-filter>
104        </activity>
105
106        <receiver
106-->[com.razorpay:checkout:1.6.32] AndroidManifest.xml:42:9-49:20
107            android:name="com.razorpay.RzpTokenReceiver"
107-->[com.razorpay:checkout:1.6.32] AndroidManifest.xml:43:13-57
108            android:exported="true" >
108-->[com.razorpay:checkout:1.6.32] AndroidManifest.xml:44:13-36
109            <intent-filter>
109-->[com.razorpay:checkout:1.6.32] AndroidManifest.xml:46:13-48:29
110                <action android:name="rzp.device_token.share" />
110-->[com.razorpay:checkout:1.6.32] AndroidManifest.xml:37:13-61
110-->[com.razorpay:checkout:1.6.32] AndroidManifest.xml:37:21-58
111            </intent-filter>
112        </receiver>
113
114        <meta-data
114-->[com.razorpay:checkout:1.6.32] AndroidManifest.xml:61:9-63:58
115            android:name="com.razorpay.plugin.googlepay_all"
115-->[com.razorpay:checkout:1.6.32] AndroidManifest.xml:62:13-61
116            android:value="com.razorpay.RzpGpayMerged" /> <!-- Needs to be explicitly declared on P+ -->
116-->[com.razorpay:checkout:1.6.32] AndroidManifest.xml:63:13-55
117        <uses-library
117-->[com.google.android.gms:play-services-maps:18.0.2] AndroidManifest.xml:39:9-41:40
118            android:name="org.apache.http.legacy"
118-->[com.google.android.gms:play-services-maps:18.0.2] AndroidManifest.xml:40:13-50
119            android:required="false" />
119-->[com.google.android.gms:play-services-maps:18.0.2] AndroidManifest.xml:41:13-37
120
121        <activity
121-->[com.google.android.gms:play-services-auth:20.6.0] AndroidManifest.xml:23:9-27:75
122            android:name="com.google.android.gms.auth.api.signin.internal.SignInHubActivity"
122-->[com.google.android.gms:play-services-auth:20.6.0] AndroidManifest.xml:24:13-93
123            android:excludeFromRecents="true"
123-->[com.google.android.gms:play-services-auth:20.6.0] AndroidManifest.xml:25:13-46
124            android:exported="false"
124-->[com.google.android.gms:play-services-auth:20.6.0] AndroidManifest.xml:26:13-37
125            android:theme="@android:style/Theme.Translucent.NoTitleBar" />
125-->[com.google.android.gms:play-services-auth:20.6.0] AndroidManifest.xml:27:13-72
126        <!--
127            Service handling Google Sign-In user revocation. For apps that do not integrate with
128            Google Sign-In, this service will never be started.
129        -->
130        <service
130-->[com.google.android.gms:play-services-auth:20.6.0] AndroidManifest.xml:33:9-37:51
131            android:name="com.google.android.gms.auth.api.signin.RevocationBoundService"
131-->[com.google.android.gms:play-services-auth:20.6.0] AndroidManifest.xml:34:13-89
132            android:exported="true"
132-->[com.google.android.gms:play-services-auth:20.6.0] AndroidManifest.xml:35:13-36
133            android:permission="com.google.android.gms.auth.api.signin.permission.REVOCATION_NOTIFICATION"
133-->[com.google.android.gms:play-services-auth:20.6.0] AndroidManifest.xml:36:13-107
134            android:visibleToInstantApps="true" />
134-->[com.google.android.gms:play-services-auth:20.6.0] AndroidManifest.xml:37:13-48
135
136        <activity
136-->[com.google.android.gms:play-services-base:18.1.0] AndroidManifest.xml:20:9-22:45
137            android:name="com.google.android.gms.common.api.GoogleApiActivity"
137-->[com.google.android.gms:play-services-base:18.1.0] AndroidManifest.xml:20:19-85
138            android:exported="false"
138-->[com.google.android.gms:play-services-base:18.1.0] AndroidManifest.xml:22:19-43
139            android:theme="@android:style/Theme.Translucent.NoTitleBar" />
139-->[com.google.android.gms:play-services-base:18.1.0] AndroidManifest.xml:21:19-78
140
141        <meta-data
141-->[com.google.android.gms:play-services-basement:18.2.0] AndroidManifest.xml:21:9-23:69
142            android:name="com.google.android.gms.version"
142-->[com.google.android.gms:play-services-basement:18.2.0] AndroidManifest.xml:22:13-58
143            android:value="@integer/google_play_services_version" />
143-->[com.google.android.gms:play-services-basement:18.2.0] AndroidManifest.xml:23:13-66
144
145        <provider
145-->[androidx.work:work-runtime:2.7.1] AndroidManifest.xml:31:9-39:20
146            android:name="androidx.startup.InitializationProvider"
146-->[androidx.work:work-runtime:2.7.1] AndroidManifest.xml:32:13-67
147            android:authorities="com.hungybingy.androidx-startup"
147-->[androidx.work:work-runtime:2.7.1] AndroidManifest.xml:33:13-68
148            android:exported="false" >
148-->[androidx.work:work-runtime:2.7.1] AndroidManifest.xml:34:13-37
149            <meta-data
149-->[androidx.work:work-runtime:2.7.1] AndroidManifest.xml:36:13-38:52
150                android:name="androidx.work.WorkManagerInitializer"
150-->[androidx.work:work-runtime:2.7.1] AndroidManifest.xml:37:17-68
151                android:value="androidx.startup" />
151-->[androidx.work:work-runtime:2.7.1] AndroidManifest.xml:38:17-49
152            <meta-data
152-->[androidx.emoji2:emoji2:1.0.0] AndroidManifest.xml:31:13-33:52
153                android:name="androidx.emoji2.text.EmojiCompatInitializer"
153-->[androidx.emoji2:emoji2:1.0.0] AndroidManifest.xml:32:17-75
154                android:value="androidx.startup" />
154-->[androidx.emoji2:emoji2:1.0.0] AndroidManifest.xml:33:17-49
155            <meta-data
155-->[androidx.lifecycle:lifecycle-process:2.4.0] AndroidManifest.xml:31:13-33:52
156                android:name="androidx.lifecycle.ProcessLifecycleInitializer"
156-->[androidx.lifecycle:lifecycle-process:2.4.0] AndroidManifest.xml:32:17-78
157                android:value="androidx.startup" />
157-->[androidx.lifecycle:lifecycle-process:2.4.0] AndroidManifest.xml:33:17-49
158        </provider>
159
160        <service
160-->[androidx.work:work-runtime:2.7.1] AndroidManifest.xml:41:9-46:35
161            android:name="androidx.work.impl.background.systemalarm.SystemAlarmService"
161-->[androidx.work:work-runtime:2.7.1] AndroidManifest.xml:42:13-88
162            android:directBootAware="false"
162-->[androidx.work:work-runtime:2.7.1] AndroidManifest.xml:43:13-44
163            android:enabled="@bool/enable_system_alarm_service_default"
163-->[androidx.work:work-runtime:2.7.1] AndroidManifest.xml:44:13-72
164            android:exported="false" />
164-->[androidx.work:work-runtime:2.7.1] AndroidManifest.xml:45:13-37
165        <service
165-->[androidx.work:work-runtime:2.7.1] AndroidManifest.xml:47:9-53:35
166            android:name="androidx.work.impl.background.systemjob.SystemJobService"
166-->[androidx.work:work-runtime:2.7.1] AndroidManifest.xml:48:13-84
167            android:directBootAware="false"
167-->[androidx.work:work-runtime:2.7.1] AndroidManifest.xml:49:13-44
168            android:enabled="@bool/enable_system_job_service_default"
168-->[androidx.work:work-runtime:2.7.1] AndroidManifest.xml:50:13-70
169            android:exported="true"
169-->[androidx.work:work-runtime:2.7.1] AndroidManifest.xml:51:13-36
170            android:permission="android.permission.BIND_JOB_SERVICE" />
170-->[androidx.work:work-runtime:2.7.1] AndroidManifest.xml:52:13-69
171        <service
171-->[androidx.work:work-runtime:2.7.1] AndroidManifest.xml:54:9-59:35
172            android:name="androidx.work.impl.foreground.SystemForegroundService"
172-->[androidx.work:work-runtime:2.7.1] AndroidManifest.xml:55:13-81
173            android:directBootAware="false"
173-->[androidx.work:work-runtime:2.7.1] AndroidManifest.xml:56:13-44
174            android:enabled="@bool/enable_system_foreground_service_default"
174-->[androidx.work:work-runtime:2.7.1] AndroidManifest.xml:57:13-77
175            android:exported="false" />
175-->[androidx.work:work-runtime:2.7.1] AndroidManifest.xml:58:13-37
176
177        <receiver
177-->[androidx.work:work-runtime:2.7.1] AndroidManifest.xml:61:9-66:35
178            android:name="androidx.work.impl.utils.ForceStopRunnable$BroadcastReceiver"
178-->[androidx.work:work-runtime:2.7.1] AndroidManifest.xml:62:13-88
179            android:directBootAware="false"
179-->[androidx.work:work-runtime:2.7.1] AndroidManifest.xml:63:13-44
180            android:enabled="true"
180-->[androidx.work:work-runtime:2.7.1] AndroidManifest.xml:64:13-35
181            android:exported="false" />
181-->[androidx.work:work-runtime:2.7.1] AndroidManifest.xml:65:13-37
182        <receiver
182-->[androidx.work:work-runtime:2.7.1] AndroidManifest.xml:67:9-77:20
183            android:name="androidx.work.impl.background.systemalarm.ConstraintProxy$BatteryChargingProxy"
183-->[androidx.work:work-runtime:2.7.1] AndroidManifest.xml:68:13-106
184            android:directBootAware="false"
184-->[androidx.work:work-runtime:2.7.1] AndroidManifest.xml:69:13-44
185            android:enabled="false"
185-->[androidx.work:work-runtime:2.7.1] AndroidManifest.xml:70:13-36
186            android:exported="false" >
186-->[androidx.work:work-runtime:2.7.1] AndroidManifest.xml:71:13-37
187            <intent-filter>
187-->[androidx.work:work-runtime:2.7.1] AndroidManifest.xml:73:13-76:29
188                <action android:name="android.intent.action.ACTION_POWER_CONNECTED" />
188-->[androidx.work:work-runtime:2.7.1] AndroidManifest.xml:74:17-87
188-->[androidx.work:work-runtime:2.7.1] AndroidManifest.xml:74:25-84
189                <action android:name="android.intent.action.ACTION_POWER_DISCONNECTED" />
189-->[androidx.work:work-runtime:2.7.1] AndroidManifest.xml:75:17-90
189-->[androidx.work:work-runtime:2.7.1] AndroidManifest.xml:75:25-87
190            </intent-filter>
191        </receiver>
192        <receiver
192-->[androidx.work:work-runtime:2.7.1] AndroidManifest.xml:78:9-88:20
193            android:name="androidx.work.impl.background.systemalarm.ConstraintProxy$BatteryNotLowProxy"
193-->[androidx.work:work-runtime:2.7.1] AndroidManifest.xml:79:13-104
194            android:directBootAware="false"
194-->[androidx.work:work-runtime:2.7.1] AndroidManifest.xml:80:13-44
195            android:enabled="false"
195-->[androidx.work:work-runtime:2.7.1] AndroidManifest.xml:81:13-36
196            android:exported="false" >
196-->[androidx.work:work-runtime:2.7.1] AndroidManifest.xml:82:13-37
197            <intent-filter>
197-->[androidx.work:work-runtime:2.7.1] AndroidManifest.xml:84:13-87:29
198                <action android:name="android.intent.action.BATTERY_OKAY" />
198-->[androidx.work:work-runtime:2.7.1] AndroidManifest.xml:85:17-77
198-->[androidx.work:work-runtime:2.7.1] AndroidManifest.xml:85:25-74
199                <action android:name="android.intent.action.BATTERY_LOW" />
199-->[androidx.work:work-runtime:2.7.1] AndroidManifest.xml:86:17-76
199-->[androidx.work:work-runtime:2.7.1] AndroidManifest.xml:86:25-73
200            </intent-filter>
201        </receiver>
202        <receiver
202-->[androidx.work:work-runtime:2.7.1] AndroidManifest.xml:89:9-99:20
203            android:name="androidx.work.impl.background.systemalarm.ConstraintProxy$StorageNotLowProxy"
203-->[androidx.work:work-runtime:2.7.1] AndroidManifest.xml:90:13-104
204            android:directBootAware="false"
204-->[androidx.work:work-runtime:2.7.1] AndroidManifest.xml:91:13-44
205            android:enabled="false"
205-->[androidx.work:work-runtime:2.7.1] AndroidManifest.xml:92:13-36
206            android:exported="false" >
206-->[androidx.work:work-runtime:2.7.1] AndroidManifest.xml:93:13-37
207            <intent-filter>
207-->[androidx.work:work-runtime:2.7.1] AndroidManifest.xml:95:13-98:29
208                <action android:name="android.intent.action.DEVICE_STORAGE_LOW" />
208-->[androidx.work:work-runtime:2.7.1] AndroidManifest.xml:96:17-83
208-->[androidx.work:work-runtime:2.7.1] AndroidManifest.xml:96:25-80
209                <action android:name="android.intent.action.DEVICE_STORAGE_OK" />
209-->[androidx.work:work-runtime:2.7.1] AndroidManifest.xml:97:17-82
209-->[androidx.work:work-runtime:2.7.1] AndroidManifest.xml:97:25-79
210            </intent-filter>
211        </receiver>
212        <receiver
212-->[androidx.work:work-runtime:2.7.1] AndroidManifest.xml:100:9-109:20
213            android:name="androidx.work.impl.background.systemalarm.ConstraintProxy$NetworkStateProxy"
213-->[androidx.work:work-runtime:2.7.1] AndroidManifest.xml:101:13-103
214            android:directBootAware="false"
214-->[androidx.work:work-runtime:2.7.1] AndroidManifest.xml:102:13-44
215            android:enabled="false"
215-->[androidx.work:work-runtime:2.7.1] AndroidManifest.xml:103:13-36
216            android:exported="false" >
216-->[androidx.work:work-runtime:2.7.1] AndroidManifest.xml:104:13-37
217            <intent-filter>
217-->[androidx.work:work-runtime:2.7.1] AndroidManifest.xml:106:13-108:29
218                <action android:name="android.net.conn.CONNECTIVITY_CHANGE" />
218-->[androidx.work:work-runtime:2.7.1] AndroidManifest.xml:107:17-79
218-->[androidx.work:work-runtime:2.7.1] AndroidManifest.xml:107:25-76
219            </intent-filter>
220        </receiver>
221        <receiver
221-->[androidx.work:work-runtime:2.7.1] AndroidManifest.xml:110:9-121:20
222            android:name="androidx.work.impl.background.systemalarm.RescheduleReceiver"
222-->[androidx.work:work-runtime:2.7.1] AndroidManifest.xml:111:13-88
223            android:directBootAware="false"
223-->[androidx.work:work-runtime:2.7.1] AndroidManifest.xml:112:13-44
224            android:enabled="false"
224-->[androidx.work:work-runtime:2.7.1] AndroidManifest.xml:113:13-36
225            android:exported="false" >
225-->[androidx.work:work-runtime:2.7.1] AndroidManifest.xml:114:13-37
226            <intent-filter>
226-->[androidx.work:work-runtime:2.7.1] AndroidManifest.xml:116:13-120:29
227                <action android:name="android.intent.action.BOOT_COMPLETED" />
227-->[androidx.work:work-runtime:2.7.1] AndroidManifest.xml:117:17-79
227-->[androidx.work:work-runtime:2.7.1] AndroidManifest.xml:117:25-76
228                <action android:name="android.intent.action.TIME_SET" />
228-->[androidx.work:work-runtime:2.7.1] AndroidManifest.xml:118:17-73
228-->[androidx.work:work-runtime:2.7.1] AndroidManifest.xml:118:25-70
229                <action android:name="android.intent.action.TIMEZONE_CHANGED" />
229-->[androidx.work:work-runtime:2.7.1] AndroidManifest.xml:119:17-81
229-->[androidx.work:work-runtime:2.7.1] AndroidManifest.xml:119:25-78
230            </intent-filter>
231        </receiver>
232        <receiver
232-->[androidx.work:work-runtime:2.7.1] AndroidManifest.xml:122:9-131:20
233            android:name="androidx.work.impl.background.systemalarm.ConstraintProxyUpdateReceiver"
233-->[androidx.work:work-runtime:2.7.1] AndroidManifest.xml:123:13-99
234            android:directBootAware="false"
234-->[androidx.work:work-runtime:2.7.1] AndroidManifest.xml:124:13-44
235            android:enabled="@bool/enable_system_alarm_service_default"
235-->[androidx.work:work-runtime:2.7.1] AndroidManifest.xml:125:13-72
236            android:exported="false" >
236-->[androidx.work:work-runtime:2.7.1] AndroidManifest.xml:126:13-37
237            <intent-filter>
237-->[androidx.work:work-runtime:2.7.1] AndroidManifest.xml:128:13-130:29
238                <action android:name="androidx.work.impl.background.systemalarm.UpdateProxies" />
238-->[androidx.work:work-runtime:2.7.1] AndroidManifest.xml:129:17-98
238-->[androidx.work:work-runtime:2.7.1] AndroidManifest.xml:129:25-95
239            </intent-filter>
240        </receiver>
241        <receiver
241-->[androidx.work:work-runtime:2.7.1] AndroidManifest.xml:132:9-142:20
242            android:name="androidx.work.impl.diagnostics.DiagnosticsReceiver"
242-->[androidx.work:work-runtime:2.7.1] AndroidManifest.xml:133:13-78
243            android:directBootAware="false"
243-->[androidx.work:work-runtime:2.7.1] AndroidManifest.xml:134:13-44
244            android:enabled="true"
244-->[androidx.work:work-runtime:2.7.1] AndroidManifest.xml:135:13-35
245            android:exported="true"
245-->[androidx.work:work-runtime:2.7.1] AndroidManifest.xml:136:13-36
246            android:permission="android.permission.DUMP" >
246-->[androidx.work:work-runtime:2.7.1] AndroidManifest.xml:137:13-57
247            <intent-filter>
247-->[androidx.work:work-runtime:2.7.1] AndroidManifest.xml:139:13-141:29
248                <action android:name="androidx.work.diagnostics.REQUEST_DIAGNOSTICS" />
248-->[androidx.work:work-runtime:2.7.1] AndroidManifest.xml:140:17-88
248-->[androidx.work:work-runtime:2.7.1] AndroidManifest.xml:140:25-85
249            </intent-filter>
250        </receiver>
251
252        <service
252-->[androidx.room:room-runtime:2.2.5] AndroidManifest.xml:25:9-28:40
253            android:name="androidx.room.MultiInstanceInvalidationService"
253-->[androidx.room:room-runtime:2.2.5] AndroidManifest.xml:26:13-74
254            android:directBootAware="true"
254-->[androidx.room:room-runtime:2.2.5] AndroidManifest.xml:27:13-43
255            android:exported="false" />
255-->[androidx.room:room-runtime:2.2.5] AndroidManifest.xml:28:13-37
256    </application>
257
258</manifest>